#
# There is insufficient memory for the Java Runtime Environment to continue.
# Native memory allocation (malloc) failed to allocate 2097152 bytes for AllocateHeap
# Possible reasons:
#   The system is out of physical RAM or swap space
#   The process is running with CompressedOops enabled, and the Java Heap may be blocking the growth of the native heap
# Possible solutions:
#   Reduce memory load on the system
#   Increase physical memory or swap space
#   Check if swap backing store is full
#   Decrease Java heap size (-Xmx/-Xms)
#   Decrease number of Java threads
#   Decrease Java thread stack sizes (-Xss)
#   Set larger code cache with -XX:ReservedCodeCacheSize=
#   JVM is running with Unscaled Compressed Oops mode in which the Java heap is
#     placed in the first 4GB address space. The Java Heap base address is the
#     maximum limit for the native heap growth. Please use -XX:HeapBaseMinAddress
#     to set the Java Heap base and to place the Java Heap above 4GB virtual address.
# This output file may be truncated or incomplete.
#
#  Out of Memory Error (allocation.cpp:44), pid=24608, tid=24376
#
# JRE version: OpenJDK Runtime Environment JBR-17.0.10+1-1087.17-jcef (17.0.10+1) (build 17.0.10+1-b1087.17)
# Java VM: OpenJDK 64-Bit Server VM JBR-17.0.10+1-1087.17-jcef (17.0.10+1-b1087.17, mixed mode, tiered, compressed oops, compressed class ptrs, g1 gc, windows-amd64)
# No core dump will be written. Minidumps are not enabled by default on client versions of Windows
#

---------------  S U M M A R Y ------------

Command Line: -Dorg.sqlite.tmpdir=C:\Users\huyiheng\AppData\Local\JetBrains\PyCharm2023.3\jdbc-native-deps\Xerial SQLiteJDBC\3.45.1\sqlite-jdbc-3.45.1.0\libs -Djava.rmi.server.hostname=127.0.0.1 -Duser.timezone=UTC -Xmx2048m -Xms256m -Djdbc.classpath=D:\Program Files (x86)\PyCharm 2023.3.4\plugins\DatabaseTools\lib\jdbc-console.jar;C:\Users\huyiheng\AppData\Roaming\JetBrains\PyCharm2023.3\jdbc-drivers\Xerial SQLiteJDBC\3.45.1\org\xerial\sqlite-jdbc\3.45.1.0\sqlite-jdbc-3.45.1.0.jar;C:\Users\huyiheng\AppData\Roaming\JetBrains\PyCharm2023.3\jdbc-drivers\Xerial SQLiteJDBC\3.45.1\org\slf4j\slf4j-api\1.7.36\slf4j-api-1.7.36.jar --add-exports=java.desktop/sun.awt=ALL-UNNAMED --add-exports=java.desktop/java.awt.peer=ALL-UNNAMED --add-opens=java.desktop/java.awt=ALL-UNNAMED --add-opens=jdk.unsupported/sun.misc=ALL-UNNAMED --add-opens=java.base/java.nio=ALL-UNNAMED --add-opens=java.base/java.util=ALL-UNNAMED -Dfile.encoding=UTF-8 com.intellij.database.remote.RemoteJdbcServer org.sqlite.JDBC

Host: Intel(R) Core(TM) i5-10210U CPU @ 1.60GHz, 8 cores, 15G,  Windows 10 , 64 bit Build 19041 (10.0.19041.3636)
Time: Fri Apr 19 18:36:29 2024  Windows 10 , 64 bit Build 19041 (10.0.19041.3636) elapsed time: 7200.721449 seconds (0d 2h 0m 0s)

---------------  T H R E A D  ---------------

Current thread (0x000002e7604be0c0):  VMThread "VM Thread" [stack: 0x000000ff39600000,0x000000ff39700000] [id=24376]

Stack: [0x000000ff39600000,0x000000ff39700000]
Native frames: (J=compiled Java code, j=interpreted, Vv=VM code, C=native code)
V  [jvm.dll+0x688ac9]
V  [jvm.dll+0x84220a]
V  [jvm.dll+0x843e4e]
V  [jvm.dll+0x8444b3]
V  [jvm.dll+0x24ba8f]
V  [jvm.dll+0xa6ca3]
V  [jvm.dll+0x2fd4b1]
V  [jvm.dll+0x2f87e0]
V  [jvm.dll+0x2e0c37]
V  [jvm.dll+0x324d27]
V  [jvm.dll+0x848bab]
V  [jvm.dll+0x8498f1]
V  [jvm.dll+0x849e0d]
V  [jvm.dll+0x84a1e4]
V  [jvm.dll+0x84a2b0]
V  [jvm.dll+0x7f0a8a]
V  [jvm.dll+0x687945]
C  [ucrtbase.dll+0x21bb2]
C  [KERNEL32.DLL+0x17344]
C  [ntdll.dll+0x526b1]

VM_Operation (0x000000ff3a6ff390): G1CollectFull, mode: safepoint, requested by thread 0x000002e76088d030


---------------  P R O C E S S  ---------------

Threads class SMR info:
_java_thread_list=0x000002e765f1ab50, length=20, elements={
0x000002e7463a28c0, 0x000002e7606426c0, 0x000002e760643450, 0x000002e760672070,
0x000002e7606954f0, 0x000002e76069a5f0, 0x000002e76069aec0, 0x000002e76069bac0,
0x000002e76069c3d0, 0x000002e76069ecf0, 0x000002e76082d910, 0x000002e760834210,
0x000002e765156f10, 0x000002e76514e160, 0x000002e76514e640, 0x000002e76088d030,
0x000002e76519c040, 0x000002e76521e360, 0x000002e76521f560, 0x000002e7651b4a10
}

Java Threads: ( => current thread )
  0x000002e7463a28c0 JavaThread "main" [_thread_blocked, id=20268, stack(0x000000ff39000000,0x000000ff39100000)]
  0x000002e7606426c0 JavaThread "Reference Handler" daemon [_thread_blocked, id=21556, stack(0x000000ff39700000,0x000000ff39800000)]
  0x000002e760643450 JavaThread "Finalizer" daemon [_thread_blocked, id=596, stack(0x000000ff39800000,0x000000ff39900000)]
  0x000002e760672070 JavaThread "Signal Dispatcher" daemon [_thread_blocked, id=17328, stack(0x000000ff39900000,0x000000ff39a00000)]
  0x000002e7606954f0 JavaThread "Attach Listener" daemon [_thread_blocked, id=19952, stack(0x000000ff39a00000,0x000000ff39b00000)]
  0x000002e76069a5f0 JavaThread "Service Thread" daemon [_thread_blocked, id=2816, stack(0x000000ff39b00000,0x000000ff39c00000)]
  0x000002e76069aec0 JavaThread "Monitor Deflation Thread" daemon [_thread_blocked, id=24060, stack(0x000000ff39c00000,0x000000ff39d00000)]
  0x000002e76069bac0 JavaThread "C2 CompilerThread0" daemon [_thread_blocked, id=18740, stack(0x000000ff39d00000,0x000000ff39e00000)]
  0x000002e76069c3d0 JavaThread "C1 CompilerThread0" daemon [_thread_blocked, id=21616, stack(0x000000ff39e00000,0x000000ff39f00000)]
  0x000002e76069ecf0 JavaThread "Sweeper thread" daemon [_thread_blocked, id=20300, stack(0x000000ff39f00000,0x000000ff3a000000)]
  0x000002e76082d910 JavaThread "Common-Cleaner" daemon [_thread_blocked, id=15820, stack(0x000000ff3a000000,0x000000ff3a100000)]
  0x000002e760834210 JavaThread "Notification Thread" daemon [_thread_blocked, id=12676, stack(0x000000ff3a100000,0x000000ff3a200000)]
  0x000002e765156f10 JavaThread "RMI TCP Accept-25440" daemon [_thread_in_native, id=1496, stack(0x000000ff3a300000,0x000000ff3a400000)]
  0x000002e76514e160 JavaThread "RMI TCP Accept-0" daemon [_thread_in_native, id=11776, stack(0x000000ff3a400000,0x000000ff3a500000)]
  0x000002e76514e640 JavaThread "RMI Reaper" [_thread_blocked, id=15788, stack(0x000000ff3a500000,0x000000ff3a600000)]
  0x000002e76088d030 JavaThread "RMI GC Daemon" daemon [_thread_blocked, id=15172, stack(0x000000ff3a600000,0x000000ff3a700000)]
  0x000002e76519c040 JavaThread "RMI TCP Connection(2)-127.0.0.1" daemon [_thread_in_native, id=25888, stack(0x000000ff3a800000,0x000000ff3a900000)]
  0x000002e76521e360 JavaThread "RMI Scheduler(0)" daemon [_thread_blocked, id=2536, stack(0x000000ff3a900000,0x000000ff3aa00000)]
  0x000002e76521f560 JavaThread "RMI TCP Connection(3)-127.0.0.1" daemon [_thread_in_native, id=24856, stack(0x000000ff3aa00000,0x000000ff3ab00000)]
  0x000002e7651b4a10 JavaThread "RMI RenewClean-[127.0.0.1:38747]" daemon [_thread_blocked, id=18020, stack(0x000000ff3ac00000,0x000000ff3ad00000)]

Other Threads:
=>0x000002e7604be0c0 VMThread "VM Thread" [stack: 0x000000ff39600000,0x000000ff39700000] [id=24376]
  0x000002e760834b00 WatcherThread [stack: 0x000000ff3a200000,0x000000ff3a300000] [id=4732]
  0x000002e7463fd3e0 GCTaskThread "GC Thread#0" [stack: 0x000000ff39100000,0x000000ff39200000] [id=13444]
  0x000002e76510c870 GCTaskThread "GC Thread#1" [stack: 0x000000ff38d00000,0x000000ff38e00000] [id=5076]
  0x000002e7657e1370 GCTaskThread "GC Thread#2" [stack: 0x000000ff38e00000,0x000000ff38f00000] [id=3052]
  0x000002e7657fe450 GCTaskThread "GC Thread#3" [stack: 0x000000ff38f00000,0x000000ff39000000] [id=22872]
  0x000002e7657fe710 GCTaskThread "GC Thread#4" [stack: 0x000000ff3af00000,0x000000ff3b000000] [id=26312]
  0x000002e7657fe9d0 GCTaskThread "GC Thread#5" [stack: 0x000000ff3b000000,0x000000ff3b100000] [id=24724]
  0x000002e765046b70 GCTaskThread "GC Thread#6" [stack: 0x000000ff3b100000,0x000000ff3b200000] [id=24996]
  0x000002e765046e30 GCTaskThread "GC Thread#7" [stack: 0x000000ff3b200000,0x000000ff3b300000] [id=20540]
  0x000002e74640e240 ConcurrentGCThread "G1 Main Marker" [stack: 0x000000ff39200000,0x000000ff39300000] [id=1408]
  0x000002e74640fb80 ConcurrentGCThread "G1 Conc#0" [stack: 0x000000ff39300000,0x000000ff39400000] [id=21104]
  0x000002e76035a9b0 ConcurrentGCThread "G1 Refine#0" [stack: 0x000000ff39400000,0x000000ff39500000] [id=7404]
  0x000002e76035b2f0 ConcurrentGCThread "G1 Service" [stack: 0x000000ff39500000,0x000000ff39600000] [id=16924]

Threads with active compile tasks:

VM state: at safepoint (normal execution)

VM Mutex/Monitor currently owned by a thread:  ([mutex/lock_event])
[0x000002e7463a1140] Threads_lock - owner thread: 0x000002e7604be0c0
[0x000002e7463a1770] Heap_lock - owner thread: 0x000002e76088d030

Heap address: 0x0000000080000000, size: 2048 MB, Compressed Oops mode: 32-bit

CDS archive(s) not mapped
Compressed class space mapped at: 0x0000000100000000-0x0000000140000000, reserved size: 1073741824
Narrow klass base: 0x0000000000000000, Narrow klass shift: 3, Narrow klass range: 0x140000000

GC Precious Log:
 CPUs: 8 total, 8 available
 Memory: 16212M
 Large Page Support: Disabled
 NUMA Support: Disabled
 Compressed Oops: Enabled (32-bit)
 Heap Region Size: 1M
 Heap Min Capacity: 256M
 Heap Initial Capacity: 256M
 Heap Max Capacity: 2G
 Pre-touch: Disabled
 Parallel Workers: 8
 Concurrent Workers: 2
 Concurrent Refinement Workers: 8
 Periodic GC: Disabled

Heap:
 garbage-first heap   total 262144K, used 12800K [0x0000000080000000, 0x0000000100000000)
  region size 1024K, 7 young (7168K), 0 survivors (0K)
 Metaspace       used 17105K, committed 17408K, reserved 1114112K
  class space    used 1711K, committed 1856K, reserved 1048576K

Heap Regions: E=young(eden), S=young(survivor), O=old, HS=humongous(starts), HC=humongous(continues), CS=collection set, F=free, OA=open archive, CA=closed archive, TAMS=top-at-mark-start (previous, next)
|   0|0x0000000080000000, 0x0000000080100000, 0x0000000080100000|100%|HS|  |TAMS 0x0000000080100000, 0x0000000080000000| Untracked 
|   1|0x0000000080100000, 0x0000000080200000, 0x0000000080200000|100%|HC|  |TAMS 0x0000000080200000, 0x0000000080100000| Untracked 
|   2|0x0000000080200000, 0x0000000080300000, 0x0000000080300000|100%| O|  |TAMS 0x0000000080300000, 0x0000000080200000| Untracked 
|   3|0x0000000080300000, 0x0000000080379280, 0x0000000080400000| 47%| O|  |TAMS 0x0000000080300000, 0x0000000080300000| Untracked 
|   4|0x0000000080400000, 0x00000000804001a8, 0x0000000080500000|  0%| O|  |TAMS 0x0000000080400000, 0x0000000080400000| Untracked 
|   5|0x0000000080500000, 0x0000000080500000, 0x0000000080600000|  0%| F|  |TAMS 0x0000000080500000, 0x0000000080500000| Untracked 
|   6|0x0000000080600000, 0x0000000080600000, 0x0000000080700000|  0%| F|  |TAMS 0x0000000080600000, 0x0000000080600000| Untracked 
|   7|0x0000000080700000, 0x0000000080706f48, 0x0000000080800000|  2%| O|  |TAMS 0x0000000080700000, 0x0000000080700000| Untracked 
|   8|0x0000000080800000, 0x0000000080800000, 0x0000000080900000|  0%| F|  |TAMS 0x0000000080800000, 0x0000000080800000| Untracked 
|   9|0x0000000080900000, 0x0000000080900000, 0x0000000080a00000|  0%| F|  |TAMS 0x0000000080900000, 0x0000000080900000| Untracked 
|  10|0x0000000080a00000, 0x0000000080a00000, 0x0000000080b00000|  0%| F|  |TAMS 0x0000000080a00000, 0x0000000080a00000| Untracked 
|  11|0x0000000080b00000, 0x0000000080b00000, 0x0000000080c00000|  0%| F|  |TAMS 0x0000000080b00000, 0x0000000080b00000| Untracked 
|  12|0x0000000080c00000, 0x0000000080c00000, 0x0000000080d00000|  0%| F|  |TAMS 0x0000000080c00000, 0x0000000080c00000| Untracked 
|  13|0x0000000080d00000, 0x0000000080d00000, 0x0000000080e00000|  0%| F|  |TAMS 0x0000000080d00000, 0x0000000080d00000| Untracked 
|  14|0x0000000080e00000, 0x0000000080e00000, 0x0000000080f00000|  0%| F|  |TAMS 0x0000000080e00000, 0x0000000080e00000| Untracked 
|  15|0x0000000080f00000, 0x0000000080f00000, 0x0000000081000000|  0%| F|  |TAMS 0x0000000080f00000, 0x0000000080f00000| Untracked 
|  16|0x0000000081000000, 0x0000000081000000, 0x0000000081100000|  0%| F|  |TAMS 0x0000000081000000, 0x0000000081000000| Untracked 
|  17|0x0000000081100000, 0x0000000081100000, 0x0000000081200000|  0%| F|  |TAMS 0x0000000081100000, 0x0000000081100000| Untracked 
|  18|0x0000000081200000, 0x0000000081200000, 0x0000000081300000|  0%| F|  |TAMS 0x0000000081200000, 0x0000000081200000| Untracked 
|  19|0x0000000081300000, 0x0000000081300000, 0x0000000081400000|  0%| F|  |TAMS 0x0000000081300000, 0x0000000081300000| Untracked 
|  20|0x0000000081400000, 0x0000000081400000, 0x0000000081500000|  0%| F|  |TAMS 0x0000000081400000, 0x0000000081400000| Untracked 
|  21|0x0000000081500000, 0x0000000081500000, 0x0000000081600000|  0%| F|  |TAMS 0x0000000081500000, 0x0000000081500000| Untracked 
|  22|0x0000000081600000, 0x0000000081600000, 0x0000000081700000|  0%| F|  |TAMS 0x0000000081600000, 0x0000000081600000| Untracked 
|  23|0x0000000081700000, 0x0000000081700000, 0x0000000081800000|  0%| F|  |TAMS 0x0000000081700000, 0x0000000081700000| Untracked 
|  24|0x0000000081800000, 0x0000000081800000, 0x0000000081900000|  0%| F|  |TAMS 0x0000000081800000, 0x0000000081800000| Untracked 
|  25|0x0000000081900000, 0x0000000081900000, 0x0000000081a00000|  0%| F|  |TAMS 0x0000000081900000, 0x0000000081900000| Untracked 
|  26|0x0000000081a00000, 0x0000000081a00000, 0x0000000081b00000|  0%| F|  |TAMS 0x0000000081a00000, 0x0000000081a00000| Untracked 
|  27|0x0000000081b00000, 0x0000000081b00000, 0x0000000081c00000|  0%| F|  |TAMS 0x0000000081b00000, 0x0000000081b00000| Untracked 
|  28|0x0000000081c00000, 0x0000000081c00000, 0x0000000081d00000|  0%| F|  |TAMS 0x0000000081c00000, 0x0000000081c00000| Untracked 
|  29|0x0000000081d00000, 0x0000000081d00000, 0x0000000081e00000|  0%| F|  |TAMS 0x0000000081d00000, 0x0000000081d00000| Untracked 
|  30|0x0000000081e00000, 0x0000000081e00000, 0x0000000081f00000|  0%| F|  |TAMS 0x0000000081e00000, 0x0000000081e00000| Untracked 
|  31|0x0000000081f00000, 0x0000000081f00000, 0x0000000082000000|  0%| F|  |TAMS 0x0000000081f00000, 0x0000000081f00000| Untracked 
|  32|0x0000000082000000, 0x0000000082000000, 0x0000000082100000|  0%| F|  |TAMS 0x0000000082000000, 0x0000000082000000| Untracked 
|  33|0x0000000082100000, 0x0000000082100000, 0x0000000082200000|  0%| F|  |TAMS 0x0000000082100000, 0x0000000082100000| Untracked 
|  34|0x0000000082200000, 0x0000000082200000, 0x0000000082300000|  0%| F|  |TAMS 0x0000000082200000, 0x0000000082200000| Untracked 
|  35|0x0000000082300000, 0x0000000082300000, 0x0000000082400000|  0%| F|  |TAMS 0x0000000082300000, 0x0000000082300000| Untracked 
|  36|0x0000000082400000, 0x0000000082400000, 0x0000000082500000|  0%| F|  |TAMS 0x0000000082400000, 0x0000000082400000| Untracked 
|  37|0x0000000082500000, 0x0000000082500000, 0x0000000082600000|  0%| F|  |TAMS 0x0000000082500000, 0x0000000082500000| Untracked 
|  38|0x0000000082600000, 0x0000000082600000, 0x0000000082700000|  0%| F|  |TAMS 0x0000000082600000, 0x0000000082600000| Untracked 
|  39|0x0000000082700000, 0x0000000082700000, 0x0000000082800000|  0%| F|  |TAMS 0x0000000082700000, 0x0000000082700000| Untracked 
|  40|0x0000000082800000, 0x0000000082800000, 0x0000000082900000|  0%| F|  |TAMS 0x0000000082800000, 0x0000000082800000| Untracked 
|  41|0x0000000082900000, 0x0000000082900000, 0x0000000082a00000|  0%| F|  |TAMS 0x0000000082900000, 0x0000000082900000| Untracked 
|  42|0x0000000082a00000, 0x0000000082a00000, 0x0000000082b00000|  0%| F|  |TAMS 0x0000000082a00000, 0x0000000082a00000| Untracked 
|  43|0x0000000082b00000, 0x0000000082b00000, 0x0000000082c00000|  0%| F|  |TAMS 0x0000000082b00000, 0x0000000082b00000| Untracked 
|  44|0x0000000082c00000, 0x0000000082c00000, 0x0000000082d00000|  0%| F|  |TAMS 0x0000000082c00000, 0x0000000082c00000| Untracked 
|  45|0x0000000082d00000, 0x0000000082d00000, 0x0000000082e00000|  0%| F|  |TAMS 0x0000000082d00000, 0x0000000082d00000| Untracked 
|  46|0x0000000082e00000, 0x0000000082e00000, 0x0000000082f00000|  0%| F|  |TAMS 0x0000000082e00000, 0x0000000082e00000| Untracked 
|  47|0x0000000082f00000, 0x0000000082f00000, 0x0000000083000000|  0%| F|  |TAMS 0x0000000082f00000, 0x0000000082f00000| Untracked 
|  48|0x0000000083000000, 0x0000000083000000, 0x0000000083100000|  0%| F|  |TAMS 0x0000000083000000, 0x0000000083000000| Untracked 
|  49|0x0000000083100000, 0x0000000083100000, 0x0000000083200000|  0%| F|  |TAMS 0x0000000083100000, 0x0000000083100000| Untracked 
|  50|0x0000000083200000, 0x0000000083200000, 0x0000000083300000|  0%| F|  |TAMS 0x0000000083200000, 0x0000000083200000| Untracked 
|  51|0x0000000083300000, 0x0000000083300000, 0x0000000083400000|  0%| F|  |TAMS 0x0000000083300000, 0x0000000083300000| Untracked 
|  52|0x0000000083400000, 0x0000000083400000, 0x0000000083500000|  0%| F|  |TAMS 0x0000000083400000, 0x0000000083400000| Untracked 
|  53|0x0000000083500000, 0x0000000083500000, 0x0000000083600000|  0%| F|  |TAMS 0x0000000083500000, 0x0000000083500000| Untracked 
|  54|0x0000000083600000, 0x0000000083600000, 0x0000000083700000|  0%| F|  |TAMS 0x0000000083600000, 0x0000000083600000| Untracked 
|  55|0x0000000083700000, 0x0000000083700000, 0x0000000083800000|  0%| F|  |TAMS 0x0000000083700000, 0x0000000083700000| Untracked 
|  56|0x0000000083800000, 0x0000000083800000, 0x0000000083900000|  0%| F|  |TAMS 0x0000000083800000, 0x0000000083800000| Untracked 
|  57|0x0000000083900000, 0x0000000083900000, 0x0000000083a00000|  0%| F|  |TAMS 0x0000000083900000, 0x0000000083900000| Untracked 
|  58|0x0000000083a00000, 0x0000000083a00000, 0x0000000083b00000|  0%| F|  |TAMS 0x0000000083a00000, 0x0000000083a00000| Untracked 
|  59|0x0000000083b00000, 0x0000000083b00000, 0x0000000083c00000|  0%| F|  |TAMS 0x0000000083b00000, 0x0000000083b00000| Untracked 
|  60|0x0000000083c00000, 0x0000000083c00000, 0x0000000083d00000|  0%| F|  |TAMS 0x0000000083c00000, 0x0000000083c00000| Untracked 
|  61|0x0000000083d00000, 0x0000000083d00000, 0x0000000083e00000|  0%| F|  |TAMS 0x0000000083d00000, 0x0000000083d00000| Untracked 
|  62|0x0000000083e00000, 0x0000000083e00000, 0x0000000083f00000|  0%| F|  |TAMS 0x0000000083e00000, 0x0000000083e00000| Untracked 
|  63|0x0000000083f00000, 0x0000000083f00000, 0x0000000084000000|  0%| F|  |TAMS 0x0000000083f00000, 0x0000000083f00000| Untracked 
|  64|0x0000000084000000, 0x0000000084000000, 0x0000000084100000|  0%| F|  |TAMS 0x0000000084000000, 0x0000000084000000| Untracked 
|  65|0x0000000084100000, 0x0000000084100000, 0x0000000084200000|  0%| F|  |TAMS 0x0000000084100000, 0x0000000084100000| Untracked 
|  66|0x0000000084200000, 0x0000000084200000, 0x0000000084300000|  0%| F|  |TAMS 0x0000000084200000, 0x0000000084200000| Untracked 
|  67|0x0000000084300000, 0x0000000084300000, 0x0000000084400000|  0%| F|  |TAMS 0x0000000084300000, 0x0000000084300000| Untracked 
|  68|0x0000000084400000, 0x0000000084400000, 0x0000000084500000|  0%| F|  |TAMS 0x0000000084400000, 0x0000000084400000| Untracked 
|  69|0x0000000084500000, 0x0000000084500000, 0x0000000084600000|  0%| F|  |TAMS 0x0000000084500000, 0x0000000084500000| Untracked 
|  70|0x0000000084600000, 0x0000000084600000, 0x0000000084700000|  0%| F|  |TAMS 0x0000000084600000, 0x0000000084600000| Untracked 
|  71|0x0000000084700000, 0x0000000084700000, 0x0000000084800000|  0%| F|  |TAMS 0x0000000084700000, 0x0000000084700000| Untracked 
|  72|0x0000000084800000, 0x0000000084800000, 0x0000000084900000|  0%| F|  |TAMS 0x0000000084800000, 0x0000000084800000| Untracked 
|  73|0x0000000084900000, 0x0000000084900000, 0x0000000084a00000|  0%| F|  |TAMS 0x0000000084900000, 0x0000000084900000| Untracked 
|  74|0x0000000084a00000, 0x0000000084a00000, 0x0000000084b00000|  0%| F|  |TAMS 0x0000000084a00000, 0x0000000084a00000| Untracked 
|  75|0x0000000084b00000, 0x0000000084b00000, 0x0000000084c00000|  0%| F|  |TAMS 0x0000000084b00000, 0x0000000084b00000| Untracked 
|  76|0x0000000084c00000, 0x0000000084c00000, 0x0000000084d00000|  0%| F|  |TAMS 0x0000000084c00000, 0x0000000084c00000| Untracked 
|  77|0x0000000084d00000, 0x0000000084d00000, 0x0000000084e00000|  0%| F|  |TAMS 0x0000000084d00000, 0x0000000084d00000| Untracked 
|  78|0x0000000084e00000, 0x0000000084e00000, 0x0000000084f00000|  0%| F|  |TAMS 0x0000000084e00000, 0x0000000084e00000| Untracked 
|  79|0x0000000084f00000, 0x0000000084f00000, 0x0000000085000000|  0%| F|  |TAMS 0x0000000084f00000, 0x0000000084f00000| Untracked 
|  80|0x0000000085000000, 0x0000000085000000, 0x0000000085100000|  0%| F|  |TAMS 0x0000000085000000, 0x0000000085000000| Untracked 
|  81|0x0000000085100000, 0x0000000085100000, 0x0000000085200000|  0%| F|  |TAMS 0x0000000085100000, 0x0000000085100000| Untracked 
|  82|0x0000000085200000, 0x0000000085200000, 0x0000000085300000|  0%| F|  |TAMS 0x0000000085200000, 0x0000000085200000| Untracked 
|  83|0x0000000085300000, 0x0000000085300000, 0x0000000085400000|  0%| F|  |TAMS 0x0000000085300000, 0x0000000085300000| Untracked 
|  84|0x0000000085400000, 0x0000000085400000, 0x0000000085500000|  0%| F|  |TAMS 0x0000000085400000, 0x0000000085400000| Untracked 
|  85|0x0000000085500000, 0x0000000085500000, 0x0000000085600000|  0%| F|  |TAMS 0x0000000085500000, 0x0000000085500000| Untracked 
|  86|0x0000000085600000, 0x0000000085600000, 0x0000000085700000|  0%| F|  |TAMS 0x0000000085600000, 0x0000000085600000| Untracked 
|  87|0x0000000085700000, 0x0000000085700000, 0x0000000085800000|  0%| F|  |TAMS 0x0000000085700000, 0x0000000085700000| Untracked 
|  88|0x0000000085800000, 0x0000000085800000, 0x0000000085900000|  0%| F|  |TAMS 0x0000000085800000, 0x0000000085800000| Untracked 
|  89|0x0000000085900000, 0x0000000085900000, 0x0000000085a00000|  0%| F|  |TAMS 0x0000000085900000, 0x0000000085900000| Untracked 
|  90|0x0000000085a00000, 0x0000000085a00000, 0x0000000085b00000|  0%| F|  |TAMS 0x0000000085a00000, 0x0000000085a00000| Untracked 
|  91|0x0000000085b00000, 0x0000000085b00000, 0x0000000085c00000|  0%| F|  |TAMS 0x0000000085b00000, 0x0000000085b00000| Untracked 
|  92|0x0000000085c00000, 0x0000000085c00000, 0x0000000085d00000|  0%| F|  |TAMS 0x0000000085c00000, 0x0000000085c00000| Untracked 
|  93|0x0000000085d00000, 0x0000000085d00000, 0x0000000085e00000|  0%| F|  |TAMS 0x0000000085d00000, 0x0000000085d00000| Untracked 
|  94|0x0000000085e00000, 0x0000000085e00000, 0x0000000085f00000|  0%| F|  |TAMS 0x0000000085e00000, 0x0000000085e00000| Untracked 
|  95|0x0000000085f00000, 0x0000000085f00000, 0x0000000086000000|  0%| F|  |TAMS 0x0000000085f00000, 0x0000000085f00000| Untracked 
|  96|0x0000000086000000, 0x0000000086000000, 0x0000000086100000|  0%| F|  |TAMS 0x0000000086000000, 0x0000000086000000| Untracked 
|  97|0x0000000086100000, 0x0000000086100000, 0x0000000086200000|  0%| F|  |TAMS 0x0000000086100000, 0x0000000086100000| Untracked 
|  98|0x0000000086200000, 0x0000000086200000, 0x0000000086300000|  0%| F|  |TAMS 0x0000000086200000, 0x0000000086200000| Untracked 
|  99|0x0000000086300000, 0x0000000086300000, 0x0000000086400000|  0%| F|  |TAMS 0x0000000086300000, 0x0000000086300000| Untracked 
| 100|0x0000000086400000, 0x0000000086400000, 0x0000000086500000|  0%| F|  |TAMS 0x0000000086400000, 0x0000000086400000| Untracked 
| 101|0x0000000086500000, 0x0000000086500000, 0x0000000086600000|  0%| F|  |TAMS 0x0000000086500000, 0x0000000086500000| Untracked 
| 102|0x0000000086600000, 0x0000000086600000, 0x0000000086700000|  0%| F|  |TAMS 0x0000000086600000, 0x0000000086600000| Untracked 
| 103|0x0000000086700000, 0x0000000086700000, 0x0000000086800000|  0%| F|  |TAMS 0x0000000086700000, 0x0000000086700000| Untracked 
| 104|0x0000000086800000, 0x0000000086800000, 0x0000000086900000|  0%| F|  |TAMS 0x0000000086800000, 0x0000000086800000| Untracked 
| 105|0x0000000086900000, 0x0000000086900000, 0x0000000086a00000|  0%| F|  |TAMS 0x0000000086900000, 0x0000000086900000| Untracked 
| 106|0x0000000086a00000, 0x0000000086a00000, 0x0000000086b00000|  0%| F|  |TAMS 0x0000000086a00000, 0x0000000086a00000| Untracked 
| 107|0x0000000086b00000, 0x0000000086b00000, 0x0000000086c00000|  0%| F|  |TAMS 0x0000000086b00000, 0x0000000086b00000| Untracked 
| 108|0x0000000086c00000, 0x0000000086c00000, 0x0000000086d00000|  0%| F|  |TAMS 0x0000000086c00000, 0x0000000086c00000| Untracked 
| 109|0x0000000086d00000, 0x0000000086d00000, 0x0000000086e00000|  0%| F|  |TAMS 0x0000000086d00000, 0x0000000086d00000| Untracked 
| 110|0x0000000086e00000, 0x0000000086e00000, 0x0000000086f00000|  0%| F|  |TAMS 0x0000000086e00000, 0x0000000086e00000| Untracked 
| 111|0x0000000086f00000, 0x0000000086f00000, 0x0000000087000000|  0%| F|  |TAMS 0x0000000086f00000, 0x0000000086f00000| Untracked 
| 112|0x0000000087000000, 0x0000000087000000, 0x0000000087100000|  0%| F|  |TAMS 0x0000000087000000, 0x0000000087000000| Untracked 
| 113|0x0000000087100000, 0x0000000087100000, 0x0000000087200000|  0%| F|  |TAMS 0x0000000087100000, 0x0000000087100000| Untracked 
| 114|0x0000000087200000, 0x0000000087200000, 0x0000000087300000|  0%| F|  |TAMS 0x0000000087200000, 0x0000000087200000| Untracked 
| 115|0x0000000087300000, 0x0000000087300000, 0x0000000087400000|  0%| F|  |TAMS 0x0000000087300000, 0x0000000087300000| Untracked 
| 116|0x0000000087400000, 0x0000000087400000, 0x0000000087500000|  0%| F|  |TAMS 0x0000000087400000, 0x0000000087400000| Untracked 
| 117|0x0000000087500000, 0x0000000087500000, 0x0000000087600000|  0%| F|  |TAMS 0x0000000087500000, 0x0000000087500000| Untracked 
| 118|0x0000000087600000, 0x0000000087600000, 0x0000000087700000|  0%| F|  |TAMS 0x0000000087600000, 0x0000000087600000| Untracked 
| 119|0x0000000087700000, 0x0000000087700000, 0x0000000087800000|  0%| F|  |TAMS 0x0000000087700000, 0x0000000087700000| Untracked 
| 120|0x0000000087800000, 0x0000000087800000, 0x0000000087900000|  0%| F|  |TAMS 0x0000000087800000, 0x0000000087800000| Untracked 
| 121|0x0000000087900000, 0x0000000087900000, 0x0000000087a00000|  0%| F|  |TAMS 0x0000000087900000, 0x0000000087900000| Untracked 
| 122|0x0000000087a00000, 0x0000000087a00000, 0x0000000087b00000|  0%| F|  |TAMS 0x0000000087a00000, 0x0000000087a00000| Untracked 
| 123|0x0000000087b00000, 0x0000000087b00000, 0x0000000087c00000|  0%| F|  |TAMS 0x0000000087b00000, 0x0000000087b00000| Untracked 
| 124|0x0000000087c00000, 0x0000000087c00000, 0x0000000087d00000|  0%| F|  |TAMS 0x0000000087c00000, 0x0000000087c00000| Untracked 
| 125|0x0000000087d00000, 0x0000000087d00000, 0x0000000087e00000|  0%| F|  |TAMS 0x0000000087d00000, 0x0000000087d00000| Untracked 
| 126|0x0000000087e00000, 0x0000000087e00000, 0x0000000087f00000|  0%| F|  |TAMS 0x0000000087e00000, 0x0000000087e00000| Untracked 
| 127|0x0000000087f00000, 0x0000000087f00000, 0x0000000088000000|  0%| F|  |TAMS 0x0000000087f00000, 0x0000000087f00000| Untracked 
| 128|0x0000000088000000, 0x0000000088000000, 0x0000000088100000|  0%| F|  |TAMS 0x0000000088000000, 0x0000000088000000| Untracked 
| 129|0x0000000088100000, 0x0000000088100000, 0x0000000088200000|  0%| F|  |TAMS 0x0000000088100000, 0x0000000088100000| Untracked 
| 130|0x0000000088200000, 0x0000000088200000, 0x0000000088300000|  0%| F|  |TAMS 0x0000000088200000, 0x0000000088200000| Untracked 
| 131|0x0000000088300000, 0x0000000088300000, 0x0000000088400000|  0%| F|  |TAMS 0x0000000088300000, 0x0000000088300000| Untracked 
| 132|0x0000000088400000, 0x0000000088400000, 0x0000000088500000|  0%| F|  |TAMS 0x0000000088400000, 0x0000000088400000| Untracked 
| 133|0x0000000088500000, 0x0000000088500000, 0x0000000088600000|  0%| F|  |TAMS 0x0000000088500000, 0x0000000088500000| Untracked 
| 134|0x0000000088600000, 0x0000000088600000, 0x0000000088700000|  0%| F|  |TAMS 0x0000000088600000, 0x0000000088600000| Untracked 
| 135|0x0000000088700000, 0x0000000088700000, 0x0000000088800000|  0%| F|  |TAMS 0x0000000088700000, 0x0000000088700000| Untracked 
| 136|0x0000000088800000, 0x0000000088800000, 0x0000000088900000|  0%| F|  |TAMS 0x0000000088800000, 0x0000000088800000| Untracked 
| 137|0x0000000088900000, 0x0000000088900000, 0x0000000088a00000|  0%| F|  |TAMS 0x0000000088900000, 0x0000000088900000| Untracked 
| 138|0x0000000088a00000, 0x0000000088a00000, 0x0000000088b00000|  0%| F|  |TAMS 0x0000000088a00000, 0x0000000088a00000| Untracked 
| 139|0x0000000088b00000, 0x0000000088b00000, 0x0000000088c00000|  0%| F|  |TAMS 0x0000000088b00000, 0x0000000088b00000| Untracked 
| 140|0x0000000088c00000, 0x0000000088c00000, 0x0000000088d00000|  0%| F|  |TAMS 0x0000000088c00000, 0x0000000088c00000| Untracked 
| 141|0x0000000088d00000, 0x0000000088d00000, 0x0000000088e00000|  0%| F|  |TAMS 0x0000000088d00000, 0x0000000088d00000| Untracked 
| 142|0x0000000088e00000, 0x0000000088e00000, 0x0000000088f00000|  0%| F|  |TAMS 0x0000000088e00000, 0x0000000088e00000| Untracked 
| 143|0x0000000088f00000, 0x0000000088f00000, 0x0000000089000000|  0%| F|  |TAMS 0x0000000088f00000, 0x0000000088f00000| Untracked 
| 144|0x0000000089000000, 0x0000000089000000, 0x0000000089100000|  0%| F|  |TAMS 0x0000000089000000, 0x0000000089000000| Untracked 
| 145|0x0000000089100000, 0x0000000089100000, 0x0000000089200000|  0%| F|  |TAMS 0x0000000089100000, 0x0000000089100000| Untracked 
| 146|0x0000000089200000, 0x0000000089200000, 0x0000000089300000|  0%| F|  |TAMS 0x0000000089200000, 0x0000000089200000| Untracked 
| 147|0x0000000089300000, 0x0000000089300000, 0x0000000089400000|  0%| F|  |TAMS 0x0000000089300000, 0x0000000089300000| Untracked 
| 148|0x0000000089400000, 0x0000000089400000, 0x0000000089500000|  0%| F|  |TAMS 0x0000000089400000, 0x0000000089400000| Untracked 
| 149|0x0000000089500000, 0x0000000089500000, 0x0000000089600000|  0%| F|  |TAMS 0x0000000089500000, 0x0000000089500000| Untracked 
| 150|0x0000000089600000, 0x0000000089600000, 0x0000000089700000|  0%| F|  |TAMS 0x0000000089600000, 0x0000000089600000| Untracked 
| 151|0x0000000089700000, 0x0000000089700000, 0x0000000089800000|  0%| F|  |TAMS 0x0000000089700000, 0x0000000089700000| Untracked 
| 152|0x0000000089800000, 0x0000000089800000, 0x0000000089900000|  0%| F|  |TAMS 0x0000000089800000, 0x0000000089800000| Untracked 
| 153|0x0000000089900000, 0x0000000089900000, 0x0000000089a00000|  0%| F|  |TAMS 0x0000000089900000, 0x0000000089900000| Untracked 
| 154|0x0000000089a00000, 0x0000000089a00000, 0x0000000089b00000|  0%| F|  |TAMS 0x0000000089a00000, 0x0000000089a00000| Untracked 
| 155|0x0000000089b00000, 0x0000000089b00000, 0x0000000089c00000|  0%| F|  |TAMS 0x0000000089b00000, 0x0000000089b00000| Untracked 
| 156|0x0000000089c00000, 0x0000000089c00000, 0x0000000089d00000|  0%| F|  |TAMS 0x0000000089c00000, 0x0000000089c00000| Untracked 
| 157|0x0000000089d00000, 0x0000000089d00000, 0x0000000089e00000|  0%| F|  |TAMS 0x0000000089d00000, 0x0000000089d00000| Untracked 
| 158|0x0000000089e00000, 0x0000000089e00000, 0x0000000089f00000|  0%| F|  |TAMS 0x0000000089e00000, 0x0000000089e00000| Untracked 
| 159|0x0000000089f00000, 0x0000000089f00000, 0x000000008a000000|  0%| F|  |TAMS 0x0000000089f00000, 0x0000000089f00000| Untracked 
| 160|0x000000008a000000, 0x000000008a000000, 0x000000008a100000|  0%| F|  |TAMS 0x000000008a000000, 0x000000008a000000| Untracked 
| 161|0x000000008a100000, 0x000000008a100000, 0x000000008a200000|  0%| F|  |TAMS 0x000000008a100000, 0x000000008a100000| Untracked 
| 162|0x000000008a200000, 0x000000008a200000, 0x000000008a300000|  0%| F|  |TAMS 0x000000008a200000, 0x000000008a200000| Untracked 
| 163|0x000000008a300000, 0x000000008a300000, 0x000000008a400000|  0%| F|  |TAMS 0x000000008a300000, 0x000000008a300000| Untracked 
| 164|0x000000008a400000, 0x000000008a400000, 0x000000008a500000|  0%| F|  |TAMS 0x000000008a400000, 0x000000008a400000| Untracked 
| 165|0x000000008a500000, 0x000000008a500000, 0x000000008a600000|  0%| F|  |TAMS 0x000000008a500000, 0x000000008a500000| Untracked 
| 166|0x000000008a600000, 0x000000008a600000, 0x000000008a700000|  0%| F|  |TAMS 0x000000008a600000, 0x000000008a600000| Untracked 
| 167|0x000000008a700000, 0x000000008a700000, 0x000000008a800000|  0%| F|  |TAMS 0x000000008a700000, 0x000000008a700000| Untracked 
| 168|0x000000008a800000, 0x000000008a800000, 0x000000008a900000|  0%| F|  |TAMS 0x000000008a800000, 0x000000008a800000| Untracked 
| 169|0x000000008a900000, 0x000000008a900000, 0x000000008aa00000|  0%| F|  |TAMS 0x000000008a900000, 0x000000008a900000| Untracked 
| 170|0x000000008aa00000, 0x000000008aa00000, 0x000000008ab00000|  0%| F|  |TAMS 0x000000008aa00000, 0x000000008aa00000| Untracked 
| 171|0x000000008ab00000, 0x000000008ab00000, 0x000000008ac00000|  0%| F|  |TAMS 0x000000008ab00000, 0x000000008ab00000| Untracked 
| 172|0x000000008ac00000, 0x000000008ac00000, 0x000000008ad00000|  0%| F|  |TAMS 0x000000008ac00000, 0x000000008ac00000| Untracked 
| 173|0x000000008ad00000, 0x000000008ad00000, 0x000000008ae00000|  0%| F|  |TAMS 0x000000008ad00000, 0x000000008ad00000| Untracked 
| 174|0x000000008ae00000, 0x000000008ae00000, 0x000000008af00000|  0%| F|  |TAMS 0x000000008ae00000, 0x000000008ae00000| Untracked 
| 175|0x000000008af00000, 0x000000008af00000, 0x000000008b000000|  0%| F|  |TAMS 0x000000008af00000, 0x000000008af00000| Untracked 
| 176|0x000000008b000000, 0x000000008b000000, 0x000000008b100000|  0%| F|  |TAMS 0x000000008b000000, 0x000000008b000000| Untracked 
| 177|0x000000008b100000, 0x000000008b100000, 0x000000008b200000|  0%| F|  |TAMS 0x000000008b100000, 0x000000008b100000| Untracked 
| 178|0x000000008b200000, 0x000000008b200000, 0x000000008b300000|  0%| F|  |TAMS 0x000000008b200000, 0x000000008b200000| Untracked 
| 179|0x000000008b300000, 0x000000008b300000, 0x000000008b400000|  0%| F|  |TAMS 0x000000008b300000, 0x000000008b300000| Untracked 
| 180|0x000000008b400000, 0x000000008b400000, 0x000000008b500000|  0%| F|  |TAMS 0x000000008b400000, 0x000000008b400000| Untracked 
| 181|0x000000008b500000, 0x000000008b500000, 0x000000008b600000|  0%| F|  |TAMS 0x000000008b500000, 0x000000008b500000| Untracked 
| 182|0x000000008b600000, 0x000000008b600000, 0x000000008b700000|  0%| F|  |TAMS 0x000000008b600000, 0x000000008b600000| Untracked 
| 183|0x000000008b700000, 0x000000008b700000, 0x000000008b800000|  0%| F|  |TAMS 0x000000008b700000, 0x000000008b700000| Untracked 
| 184|0x000000008b800000, 0x000000008b800000, 0x000000008b900000|  0%| F|  |TAMS 0x000000008b800000, 0x000000008b800000| Untracked 
| 185|0x000000008b900000, 0x000000008b900000, 0x000000008ba00000|  0%| F|  |TAMS 0x000000008b900000, 0x000000008b900000| Untracked 
| 186|0x000000008ba00000, 0x000000008ba00000, 0x000000008bb00000|  0%| F|  |TAMS 0x000000008ba00000, 0x000000008ba00000| Untracked 
| 187|0x000000008bb00000, 0x000000008bb00000, 0x000000008bc00000|  0%| F|  |TAMS 0x000000008bb00000, 0x000000008bb00000| Untracked 
| 188|0x000000008bc00000, 0x000000008bc00000, 0x000000008bd00000|  0%| F|  |TAMS 0x000000008bc00000, 0x000000008bc00000| Untracked 
| 189|0x000000008bd00000, 0x000000008bd00000, 0x000000008be00000|  0%| F|  |TAMS 0x000000008bd00000, 0x000000008bd00000| Untracked 
| 190|0x000000008be00000, 0x000000008be00000, 0x000000008bf00000|  0%| F|  |TAMS 0x000000008be00000, 0x000000008be00000| Untracked 
| 191|0x000000008bf00000, 0x000000008bf00000, 0x000000008c000000|  0%| F|  |TAMS 0x000000008bf00000, 0x000000008bf00000| Untracked 
| 192|0x000000008c000000, 0x000000008c000000, 0x000000008c100000|  0%| F|  |TAMS 0x000000008c000000, 0x000000008c000000| Untracked 
| 193|0x000000008c100000, 0x000000008c100000, 0x000000008c200000|  0%| F|  |TAMS 0x000000008c100000, 0x000000008c100000| Untracked 
| 194|0x000000008c200000, 0x000000008c200000, 0x000000008c300000|  0%| F|  |TAMS 0x000000008c200000, 0x000000008c200000| Untracked 
| 195|0x000000008c300000, 0x000000008c300000, 0x000000008c400000|  0%| F|  |TAMS 0x000000008c300000, 0x000000008c300000| Untracked 
| 196|0x000000008c400000, 0x000000008c400000, 0x000000008c500000|  0%| F|  |TAMS 0x000000008c400000, 0x000000008c400000| Untracked 
| 197|0x000000008c500000, 0x000000008c500000, 0x000000008c600000|  0%| F|  |TAMS 0x000000008c500000, 0x000000008c500000| Untracked 
| 198|0x000000008c600000, 0x000000008c600000, 0x000000008c700000|  0%| F|  |TAMS 0x000000008c600000, 0x000000008c600000| Untracked 
| 199|0x000000008c700000, 0x000000008c700000, 0x000000008c800000|  0%| F|  |TAMS 0x000000008c700000, 0x000000008c700000| Untracked 
| 200|0x000000008c800000, 0x000000008c800000, 0x000000008c900000|  0%| F|  |TAMS 0x000000008c800000, 0x000000008c800000| Untracked 
| 201|0x000000008c900000, 0x000000008c900000, 0x000000008ca00000|  0%| F|  |TAMS 0x000000008c900000, 0x000000008c900000| Untracked 
| 202|0x000000008ca00000, 0x000000008ca00000, 0x000000008cb00000|  0%| F|  |TAMS 0x000000008ca00000, 0x000000008ca00000| Untracked 
| 203|0x000000008cb00000, 0x000000008cb00000, 0x000000008cc00000|  0%| F|  |TAMS 0x000000008cb00000, 0x000000008cb00000| Untracked 
| 204|0x000000008cc00000, 0x000000008cc00000, 0x000000008cd00000|  0%| F|  |TAMS 0x000000008cc00000, 0x000000008cc00000| Untracked 
| 205|0x000000008cd00000, 0x000000008cd00000, 0x000000008ce00000|  0%| F|  |TAMS 0x000000008cd00000, 0x000000008cd00000| Untracked 
| 206|0x000000008ce00000, 0x000000008ce00000, 0x000000008cf00000|  0%| F|  |TAMS 0x000000008ce00000, 0x000000008ce00000| Untracked 
| 207|0x000000008cf00000, 0x000000008cf00000, 0x000000008d000000|  0%| F|  |TAMS 0x000000008cf00000, 0x000000008cf00000| Untracked 
| 208|0x000000008d000000, 0x000000008d000000, 0x000000008d100000|  0%| F|  |TAMS 0x000000008d000000, 0x000000008d000000| Untracked 
| 209|0x000000008d100000, 0x000000008d100000, 0x000000008d200000|  0%| F|  |TAMS 0x000000008d100000, 0x000000008d100000| Untracked 
| 210|0x000000008d200000, 0x000000008d200000, 0x000000008d300000|  0%| F|  |TAMS 0x000000008d200000, 0x000000008d200000| Untracked 
| 211|0x000000008d300000, 0x000000008d300000, 0x000000008d400000|  0%| F|  |TAMS 0x000000008d300000, 0x000000008d300000| Untracked 
| 212|0x000000008d400000, 0x000000008d400000, 0x000000008d500000|  0%| F|  |TAMS 0x000000008d400000, 0x000000008d400000| Untracked 
| 213|0x000000008d500000, 0x000000008d500000, 0x000000008d600000|  0%| F|  |TAMS 0x000000008d500000, 0x000000008d500000| Untracked 
| 214|0x000000008d600000, 0x000000008d600000, 0x000000008d700000|  0%| F|  |TAMS 0x000000008d600000, 0x000000008d600000| Untracked 
| 215|0x000000008d700000, 0x000000008d700000, 0x000000008d800000|  0%| F|  |TAMS 0x000000008d700000, 0x000000008d700000| Untracked 
| 216|0x000000008d800000, 0x000000008d800000, 0x000000008d900000|  0%| F|  |TAMS 0x000000008d800000, 0x000000008d800000| Untracked 
| 217|0x000000008d900000, 0x000000008d900000, 0x000000008da00000|  0%| F|  |TAMS 0x000000008d900000, 0x000000008d900000| Untracked 
| 218|0x000000008da00000, 0x000000008da00000, 0x000000008db00000|  0%| F|  |TAMS 0x000000008da00000, 0x000000008da00000| Untracked 
| 219|0x000000008db00000, 0x000000008db00000, 0x000000008dc00000|  0%| F|  |TAMS 0x000000008db00000, 0x000000008db00000| Untracked 
| 220|0x000000008dc00000, 0x000000008dc00000, 0x000000008dd00000|  0%| F|  |TAMS 0x000000008dc00000, 0x000000008dc00000| Untracked 
| 221|0x000000008dd00000, 0x000000008dd00000, 0x000000008de00000|  0%| F|  |TAMS 0x000000008dd00000, 0x000000008dd00000| Untracked 
| 222|0x000000008de00000, 0x000000008de00000, 0x000000008df00000|  0%| F|  |TAMS 0x000000008de00000, 0x000000008de00000| Untracked 
| 223|0x000000008df00000, 0x000000008df00000, 0x000000008e000000|  0%| F|  |TAMS 0x000000008df00000, 0x000000008df00000| Untracked 
| 224|0x000000008e000000, 0x000000008e000000, 0x000000008e100000|  0%| F|  |TAMS 0x000000008e000000, 0x000000008e000000| Untracked 
| 225|0x000000008e100000, 0x000000008e100000, 0x000000008e200000|  0%| F|  |TAMS 0x000000008e100000, 0x000000008e100000| Untracked 
| 226|0x000000008e200000, 0x000000008e200000, 0x000000008e300000|  0%| F|  |TAMS 0x000000008e200000, 0x000000008e200000| Untracked 
| 227|0x000000008e300000, 0x000000008e300000, 0x000000008e400000|  0%| F|  |TAMS 0x000000008e300000, 0x000000008e300000| Untracked 
| 228|0x000000008e400000, 0x000000008e400000, 0x000000008e500000|  0%| F|  |TAMS 0x000000008e400000, 0x000000008e400000| Untracked 
| 229|0x000000008e500000, 0x000000008e500000, 0x000000008e600000|  0%| F|  |TAMS 0x000000008e500000, 0x000000008e500000| Untracked 
| 230|0x000000008e600000, 0x000000008e700000, 0x000000008e700000|100%| O|  |TAMS 0x000000008e700000, 0x000000008e600000| Untracked 
| 231|0x000000008e700000, 0x000000008e800000, 0x000000008e800000|100%| O|  |TAMS 0x000000008e800000, 0x000000008e700000| Untracked 
| 232|0x000000008e800000, 0x000000008e900000, 0x000000008e900000|100%| O|  |TAMS 0x000000008e900000, 0x000000008e800000| Untracked 
| 233|0x000000008e900000, 0x000000008e900000, 0x000000008ea00000|  0%| F|  |TAMS 0x000000008e900000, 0x000000008e900000| Untracked 
| 234|0x000000008ea00000, 0x000000008ea00000, 0x000000008eb00000|  0%| F|  |TAMS 0x000000008ea00000, 0x000000008ea00000| Untracked 
| 235|0x000000008eb00000, 0x000000008eb00000, 0x000000008ec00000|  0%| F|  |TAMS 0x000000008eb00000, 0x000000008eb00000| Untracked 
| 236|0x000000008ec00000, 0x000000008ec00000, 0x000000008ed00000|  0%| F|  |TAMS 0x000000008ec00000, 0x000000008ec00000| Untracked 
| 237|0x000000008ed00000, 0x000000008ed00000, 0x000000008ee00000|  0%| F|  |TAMS 0x000000008ed00000, 0x000000008ed00000| Untracked 
| 238|0x000000008ee00000, 0x000000008ee00000, 0x000000008ef00000|  0%| F|  |TAMS 0x000000008ee00000, 0x000000008ee00000| Untracked 
| 239|0x000000008ef00000, 0x000000008ef00000, 0x000000008f000000|  0%| F|  |TAMS 0x000000008ef00000, 0x000000008ef00000| Untracked 
| 240|0x000000008f000000, 0x000000008f000000, 0x000000008f100000|  0%| F|  |TAMS 0x000000008f000000, 0x000000008f000000| Untracked 
| 241|0x000000008f100000, 0x000000008f100000, 0x000000008f200000|  0%| F|  |TAMS 0x000000008f100000, 0x000000008f100000| Untracked 
| 242|0x000000008f200000, 0x000000008f200000, 0x000000008f300000|  0%| F|  |TAMS 0x000000008f200000, 0x000000008f200000| Untracked 
| 243|0x000000008f300000, 0x000000008f300000, 0x000000008f400000|  0%| F|  |TAMS 0x000000008f300000, 0x000000008f300000| Untracked 
| 244|0x000000008f400000, 0x000000008f400000, 0x000000008f500000|  0%| F|  |TAMS 0x000000008f400000, 0x000000008f400000| Untracked 
| 245|0x000000008f500000, 0x000000008f500000, 0x000000008f600000|  0%| F|  |TAMS 0x000000008f500000, 0x000000008f500000| Untracked 
| 246|0x000000008f600000, 0x000000008f600000, 0x000000008f700000|  0%| F|  |TAMS 0x000000008f600000, 0x000000008f600000| Untracked 
| 247|0x000000008f700000, 0x000000008f700000, 0x000000008f800000|  0%| F|  |TAMS 0x000000008f700000, 0x000000008f700000| Untracked 
| 248|0x000000008f800000, 0x000000008f800000, 0x000000008f900000|  0%| F|  |TAMS 0x000000008f800000, 0x000000008f800000| Untracked 
| 249|0x000000008f900000, 0x000000008f9bb928, 0x000000008fa00000| 73%| E|  |TAMS 0x000000008f900000, 0x000000008f900000| Complete 
| 250|0x000000008fa00000, 0x000000008fb00000, 0x000000008fb00000|100%| E|CS|TAMS 0x000000008fa00000, 0x000000008fa00000| Complete 
| 251|0x000000008fb00000, 0x000000008fc00000, 0x000000008fc00000|100%| E|CS|TAMS 0x000000008fb00000, 0x000000008fb00000| Complete 
| 252|0x000000008fc00000, 0x000000008fd00000, 0x000000008fd00000|100%| E|CS|TAMS 0x000000008fc00000, 0x000000008fc00000| Complete 
| 253|0x000000008fd00000, 0x000000008fe00000, 0x000000008fe00000|100%| E|CS|TAMS 0x000000008fd00000, 0x000000008fd00000| Complete 
| 254|0x000000008fe00000, 0x000000008ff00000, 0x000000008ff00000|100%| E|CS|TAMS 0x000000008fe00000, 0x000000008fe00000| Complete 
| 255|0x000000008ff00000, 0x0000000090000000, 0x0000000090000000|100%| E|CS|TAMS 0x000000008ff00000, 0x000000008ff00000| Complete 

Card table byte_map: [0x000002e759250000,0x000002e759650000] _byte_map_base: 0x000002e758e50000

Marking Bits (Prev, Next): (CMBitMap*) 0x000002e7463fd950, (CMBitMap*) 0x000002e7463fd910
 Prev Bits: [0x000002e75ba50000, 0x000002e75da50000)
 Next Bits: [0x000002e759a50000, 0x000002e75ba50000)

Polling page: 0x000002e7442f0000

Metaspace:

Usage:
  Non-class:     15.03 MB used.
      Class:      1.67 MB used.
       Both:     16.70 MB used.

Virtual space:
  Non-class space:       64.00 MB reserved,      15.19 MB ( 24%) committed,  1 nodes.
      Class space:        1.00 GB reserved,       1.81 MB ( <1%) committed,  1 nodes.
             Both:        1.06 GB reserved,      17.00 MB (  2%) committed. 

Chunk freelists:
   Non-Class:  285.00 KB
       Class:  14.05 MB
        Both:  14.33 MB

MaxMetaspaceSize: unlimited
CompressedClassSpaceSize: 1.00 GB
Initial GC threshold: 21.00 MB
Current GC threshold: 28.38 MB
CDS: off
MetaspaceReclaimPolicy: balanced
 - commit_granule_bytes: 65536.
 - commit_granule_words: 8192.
 - virtual_space_node_default_size: 8388608.
 - enlarge_chunks_in_place: 1.
 - new_chunks_are_fully_committed: 0.
 - uncommit_free_chunks: 1.
 - use_allocation_guard: 0.
 - handle_deallocations: 1.


Internal statistics:

num_allocs_failed_limit: 0.
num_arena_births: 302.
num_arena_deaths: 20.
num_vsnodes_births: 2.
num_vsnodes_deaths: 0.
num_space_committed: 272.
num_space_uncommitted: 0.
num_chunks_returned_to_freelist: 27.
num_chunks_taken_from_freelist: 569.
num_chunk_merges: 4.
num_chunk_splits: 335.
num_chunks_enlarged: 159.
num_inconsistent_stats: 0.

CodeHeap 'non-profiled nmethods': size=120000Kb used=827Kb max_used=827Kb free=119172Kb
 bounds [0x000002e7515f0000, 0x000002e751860000, 0x000002e758b20000]
CodeHeap 'profiled nmethods': size=120000Kb used=3893Kb max_used=3893Kb free=116106Kb
 bounds [0x000002e749b20000, 0x000002e749ef0000, 0x000002e751050000]
CodeHeap 'non-nmethods': size=5760Kb used=1188Kb max_used=1267Kb free=4571Kb
 bounds [0x000002e751050000, 0x000002e7512c0000, 0x000002e7515f0000]
 total_blobs=2419 nmethods=1927 adapters=405
 compilation: enabled
              stopped_count=0, restarted_count=0
 full_count=0

Compilation events (20 events):
Event: 6555.140 Thread 0x000002e76069c3d0 1919       3       java.util.Collections::reverse (125 bytes)
Event: 6555.150 Thread 0x000002e76069c3d0 nmethod 1919 0x000002e749eeab90 code [0x000002e749eeade0, 0x000002e749eeb828]
Event: 6603.522 Thread 0x000002e76069c3d0 1920       3       java.net.URI$Parser::scan (76 bytes)
Event: 6603.542 Thread 0x000002e76069c3d0 nmethod 1920 0x000002e749eebb10 code [0x000002e749eebd40, 0x000002e749eec5d8]
Event: 6695.959 Thread 0x000002e76069bac0 1921   !   4       java.io.ObjectOutputStream::writeObject0 (620 bytes)
Event: 6697.283 Thread 0x000002e76069bac0 nmethod 1921 0x000002e751696910 code [0x000002e751697040, 0x000002e7516a1408]
Event: 6752.537 Thread 0x000002e76069c3d0 1922       3       java.io.ObjectStreamClass::setObjFieldValues (10 bytes)
Event: 6752.538 Thread 0x000002e76069bac0 1924       4       java.io.ObjectInputStream$BlockDataInputStream::read (62 bytes)
Event: 6752.556 Thread 0x000002e76069c3d0 nmethod 1922 0x000002e749eec990 code [0x000002e749eecb40, 0x000002e749eecd08]
Event: 6752.557 Thread 0x000002e76069c3d0 1923       3       java.io.ObjectStreamClass$FieldReflector::setObjFieldValues (8 bytes)
Event: 6752.557 Thread 0x000002e76069c3d0 nmethod 1923 0x000002e749eece10 code [0x000002e749eecfa0, 0x000002e749eed0e8]
Event: 6752.594 Thread 0x000002e76069bac0 nmethod 1924 0x000002e7516a8310 code [0x000002e7516a84c0, 0x000002e7516a89f8]
Event: 6761.591 Thread 0x000002e76069bac0 1925       4       java.io.BufferedInputStream::fill (203 bytes)
Event: 6761.682 Thread 0x000002e76069bac0 nmethod 1925 0x000002e7516a8c90 code [0x000002e7516a8f20, 0x000002e7516aa570]
Event: 6797.813 Thread 0x000002e76069bac0 1926       4       sun.rmi.transport.StreamRemoteCall::getInputStream (60 bytes)
Event: 6798.131 Thread 0x000002e76069bac0 nmethod 1926 0x000002e7516ab910 code [0x000002e7516abc20, 0x000002e7516aed90]
Event: 6815.828 Thread 0x000002e76069bac0 1927       4       java.io.ObjectOutputStream::writeClassDesc (60 bytes)
Event: 6816.729 Thread 0x000002e76069bac0 nmethod 1927 0x000002e7516b0290 code [0x000002e7516b0980, 0x000002e7516b91e8]
Event: 6903.535 Thread 0x000002e76069c3d0 1928   !   3       java.net.Socket::isClosed (19 bytes)
Event: 6903.556 Thread 0x000002e76069c3d0 nmethod 1928 0x000002e749eed190 code [0x000002e749eed320, 0x000002e749eed518]

GC Heap History (4 events):
Event: 67.130 GC heap before
{Heap before GC invocations=0 (full 0):
 garbage-first heap   total 262144K, used 24576K [0x0000000080000000, 0x0000000100000000)
  region size 1024K, 23 young (23552K), 0 survivors (0K)
 Metaspace       used 16781K, committed 17088K, reserved 1114112K
  class space    used 1709K, committed 1856K, reserved 1048576K
}
Event: 67.175 GC heap after
{Heap after GC invocations=1 (full 0):
 garbage-first heap   total 262144K, used 6646K [0x0000000080000000, 0x0000000100000000)
  region size 1024K, 3 young (3072K), 3 survivors (3072K)
 Metaspace       used 16781K, committed 17088K, reserved 1114112K
  class space    used 1709K, committed 1856K, reserved 1048576K
}
Event: 3600.528 GC heap before
{Heap before GC invocations=1 (full 0):
 garbage-first heap   total 262144K, used 13814K [0x0000000080000000, 0x0000000100000000)
  region size 1024K, 11 young (11264K), 3 survivors (3072K)
 Metaspace       used 17125K, committed 17408K, reserved 1114112K
  class space    used 1717K, committed 1856K, reserved 1048576K
}
Event: 3600.683 GC heap after
{Heap after GC invocations=2 (full 1):
 garbage-first heap   total 262144K, used 6656K [0x0000000080000000, 0x0000000100000000)
  region size 1024K, 0 young (0K), 0 survivors (0K)
 Metaspace       used 17097K, committed 17408K, reserved 1114112K
  class space    used 1711K, committed 1856K, reserved 1048576K
}

Dll operation events (2 events):
Event: 0.469 Loaded shared library D:\Program Files (x86)\PyCharm 2023.3.4\jbr\bin\java.dll
Event: 1.773 Loaded shared library D:\Program Files (x86)\PyCharm 2023.3.4\jbr\bin\verify.dll

Deoptimization events (20 events):
Event: 3.828 Thread 0x000002e76521f560 DEOPT PACKING pc=0x000002e751616794 sp=0x000000ff3aafdb30
Event: 3.828 Thread 0x000002e76521f560 DEOPT UNPACKING pc=0x000002e7510a69a3 sp=0x000000ff3aafdad0 mode 2
Event: 3.952 Thread 0x000002e76521f560 DEOPT PACKING pc=0x000002e749cd3d34 sp=0x000000ff3aafd8a0
Event: 3.952 Thread 0x000002e76521f560 DEOPT UNPACKING pc=0x000002e7510a7143 sp=0x000000ff3aafcda8 mode 0
Event: 4.022 Thread 0x000002e76521f560 Uncommon trap: trap_request=0xffffff45 fr.pc=0x000002e75163ee68 relative=0x00000000000006a8
Event: 4.022 Thread 0x000002e76521f560 Uncommon trap: reason=unstable_if action=reinterpret pc=0x000002e75163ee68 method=org.sqlite.SQLiteJDBCLoader.contentsEquals(Ljava/io/InputStream;Ljava/io/InputStream;)Z @ 39 c2
Event: 4.022 Thread 0x000002e76521f560 DEOPT PACKING pc=0x000002e75163ee68 sp=0x000000ff3aafd8e0
Event: 4.022 Thread 0x000002e76521f560 DEOPT UNPACKING pc=0x000002e7510a69a3 sp=0x000000ff3aafd8a8 mode 2
Event: 4.371 Thread 0x000002e76521f560 Uncommon trap: trap_request=0xffffff45 fr.pc=0x000002e751648918 relative=0x0000000000007358
Event: 4.371 Thread 0x000002e76521f560 Uncommon trap: reason=unstable_if action=reinterpret pc=0x000002e751648918 method=jdk.internal.org.objectweb.asm.Frame.execute(IILjdk/internal/org/objectweb/asm/Symbol;Ljdk/internal/org/objectweb/asm/SymbolTable;)V @ 1 c2
Event: 4.371 Thread 0x000002e76521f560 DEOPT PACKING pc=0x000002e751648918 sp=0x000000ff3aafd430
Event: 4.371 Thread 0x000002e76521f560 DEOPT UNPACKING pc=0x000002e7510a69a3 sp=0x000000ff3aafd3f0 mode 2
Event: 5.517 Thread 0x000002e76521f560 DEOPT PACKING pc=0x000002e749bf203a sp=0x000000ff3aafd880
Event: 5.518 Thread 0x000002e76521f560 DEOPT UNPACKING pc=0x000002e7510a7143 sp=0x000000ff3aafcd10 mode 0
Event: 5.520 Thread 0x000002e76521f560 DEOPT PACKING pc=0x000002e749bf203a sp=0x000000ff3aafd880
Event: 5.520 Thread 0x000002e76521f560 DEOPT UNPACKING pc=0x000002e7510a7143 sp=0x000000ff3aafcd10 mode 0
Event: 67.016 Thread 0x000002e76521f560 Uncommon trap: trap_request=0xffffff45 fr.pc=0x000002e751652300 relative=0x0000000000001400
Event: 67.017 Thread 0x000002e76521f560 Uncommon trap: reason=unstable_if action=reinterpret pc=0x000002e751652300 method=java.util.HashMap.putVal(ILjava/lang/Object;Ljava/lang/Object;ZZ)Ljava/lang/Object; @ 81 c2
Event: 67.017 Thread 0x000002e76521f560 DEOPT PACKING pc=0x000002e751652300 sp=0x000000ff3aafdb80
Event: 67.017 Thread 0x000002e76521f560 DEOPT UNPACKING pc=0x000002e7510a69a3 sp=0x000000ff3aafdad8 mode 2

Classes unloaded (10 events):
Event: 3600.561 Thread 0x000002e7604be0c0 Unloading class 0x0000000100154000 'jdk/internal/reflect/GeneratedSerializationConstructorAccessor15'
Event: 3600.561 Thread 0x000002e7604be0c0 Unloading class 0x0000000100153800 'jdk/internal/reflect/GeneratedSerializationConstructorAccessor12'
Event: 3600.561 Thread 0x000002e7604be0c0 Unloading class 0x0000000100152c00 'jdk/internal/reflect/GeneratedSerializationConstructorAccessor11'
Event: 3600.562 Thread 0x000002e7604be0c0 Unloading class 0x0000000100152400 'jdk/internal/reflect/GeneratedSerializationConstructorAccessor9'
Event: 3600.562 Thread 0x000002e7604be0c0 Unloading class 0x0000000100152000 'jdk/internal/reflect/GeneratedSerializationConstructorAccessor7'
Event: 3600.562 Thread 0x000002e7604be0c0 Unloading class 0x0000000100151400 'jdk/internal/reflect/GeneratedSerializationConstructorAccessor4'
Event: 3600.562 Thread 0x000002e7604be0c0 Unloading class 0x000000010014fc00 'java/lang/invoke/LambdaForm$MH+0x000000010014fc00'
Event: 3600.562 Thread 0x000002e7604be0c0 Unloading class 0x000000010014f800 'java/lang/invoke/LambdaForm$MH+0x000000010014f800'
Event: 3600.562 Thread 0x000002e7604be0c0 Unloading class 0x000000010014e800 'java/lang/invoke/LambdaForm$MH+0x000000010014e800'
Event: 3600.562 Thread 0x000002e7604be0c0 Unloading class 0x000000010014dc00 'java/lang/invoke/LambdaForm$MH+0x000000010014dc00'

Classes redefined (0 events):
No events

Internal exceptions (20 events):
Event: 2.317 Thread 0x000002e7463a28c0 Exception <a 'java/lang/NoSuchMethodError'{0x000000008fb32290}: 'java.lang.Object java.lang.invoke.DirectMethodHandle$Holder.invokeStaticInit(java.lang.Object)'> (0x000000008fb32290) 
thrown [s\src\hotspot\share\interpreter\linkResolver.cpp, line 771]
Event: 2.428 Thread 0x000002e7463a28c0 Exception <a 'java/lang/NoSuchMethodError'{0x000000008fbae708}: 'java.lang.Object java.lang.invoke.DirectMethodHandle$Holder.invokeStaticInit(java.lang.Object, int, int, int, int)'> (0x000000008fbae708) 
thrown [s\src\hotspot\share\interpreter\linkResolver.cpp, line 771]
Event: 2.504 Thread 0x000002e7463a28c0 Exception <a 'java/lang/NoSuchMethodError'{0x000000008fbd7758}: 'java.lang.Object java.lang.invoke.DirectMethodHandle$Holder.invokeStaticInit(java.lang.Object, java.lang.Object, int, int, int, int)'> (0x000000008fbd7758) 
thrown [s\src\hotspot\share\interpreter\linkResolver.cpp, line 771]
Event: 2.894 Thread 0x000002e7463a28c0 Exception <a 'java/lang/NoSuchMethodError'{0x000000008f865420}: 'java.lang.Object java.lang.invoke.Invokers$Holder.linkToTargetMethod(java.lang.Object, long, java.lang.Object)'> (0x000000008f865420) 
thrown [s\src\hotspot\share\interpreter\linkResolver.cpp, line 771]
Event: 3.224 Thread 0x000002e7651b2bb0 Exception <a 'java/lang/NoSuchMethodError'{0x000000008f69aff0}: static [B.<clinit>()V> (0x000000008f69aff0) 
thrown [s\src\hotspot\share\prims\jni.cpp, line 1108]
Event: 3.224 Thread 0x000002e76521f560 Exception <a 'java/lang/NoSuchMethodError'{0x000000008f625018}: static [B.<clinit>()V> (0x000000008f625018) 
thrown [s\src\hotspot\share\prims\jni.cpp, line 1108]
Event: 3.382 Thread 0x000002e76521f560 Exception <a 'java/lang/NoSuchMethodError'{0x000000008f6528a0}: static [Ljava/rmi/server/ObjID;.<clinit>()V> (0x000000008f6528a0) 
thrown [s\src\hotspot\share\prims\jni.cpp, line 1108]
Event: 3.389 Thread 0x000002e7651b4a10 Exception <a 'java/lang/InterruptedException'{0x000000008f6ee090}> (0x000000008f6ee090) 
thrown [s\src\hotspot\share\runtime\objectMonitor.cpp, line 1658]
Event: 3.390 Thread 0x000002e76521f560 Exception <a 'java/lang/NoSuchMethodError'{0x000000008f65a2b0}: 'void java.lang.invoke.DirectMethodHandle$Holder.invokeSpecial(java.lang.Object, java.lang.Object, java.lang.Object)'> (0x000000008f65a2b0) 
thrown [s\src\hotspot\share\interpreter\linkResolver.cpp, line 771]
Event: 3.391 Thread 0x000002e76521f560 Exception <a 'java/lang/NoSuchMethodError'{0x000000008f65d818}: 'void java.lang.invoke.Invokers$Holder.invoke_MT(java.lang.Object, java.lang.Object, java.lang.Object)'> (0x000000008f65d818) 
thrown [s\src\hotspot\share\interpreter\linkResolver.cpp, line 771]
Event: 3.392 Thread 0x000002e7651b4a10 Exception <a 'java/lang/NoSuchMethodError'{0x000000008f6f6830}: 'java.lang.Object java.lang.invoke.DirectMethodHandle$Holder.newInvokeSpecial(java.lang.Object, java.lang.Object, int, java.lang.Object, long)'> (0x000000008f6f6830) 
thrown [s\src\hotspot\share\interpreter\linkResolver.cpp, line 771]
Event: 3.624 Thread 0x000002e76521f560 Exception <a 'java/lang/NoSuchMethodError'{0x000000008f3a76f8}: 'java.lang.Object java.lang.invoke.DirectMethodHandle$Holder.invokeInterface(java.lang.Object, java.lang.Object)'> (0x000000008f3a76f8) 
thrown [s\src\hotspot\share\interpreter\linkResolver.cpp, line 771]
Event: 3.873 Thread 0x000002e76521f560 Exception <a 'sun/nio/fs/WindowsException'{0x000000008f0378a8}> (0x000000008f0378a8) 
thrown [s\src\hotspot\share\prims\jni.cpp, line 517]
Event: 3.873 Thread 0x000002e76521f560 Exception <a 'sun/nio/fs/WindowsException'{0x000000008f037e70}> (0x000000008f037e70) 
thrown [s\src\hotspot\share\prims\jni.cpp, line 517]
Event: 3.876 Thread 0x000002e76521f560 Exception <a 'sun/nio/fs/WindowsException'{0x000000008f039690}> (0x000000008f039690) 
thrown [s\src\hotspot\share\prims\jni.cpp, line 517]
Event: 5.702 Thread 0x000002e76521f560 Exception <a 'java/lang/NoSuchMethodError'{0x000000008eb18700}: 'java.lang.Object java.lang.invoke.DirectMethodHandle$Holder.newInvokeSpecial(java.lang.Object, java.lang.Object, int)'> (0x000000008eb18700) 
thrown [s\src\hotspot\share\interpreter\linkResolver.cpp, line 771]
Event: 5.792 Thread 0x000002e76521f560 Exception <a 'java/lang/NoSuchMethodError'{0x000000008eb91b78}: static Lcom/intellij/database/remote/jdbc/RemoteResultSet$DataRetrievingOptions;.<clinit>()V> (0x000000008eb91b78) 
thrown [s\src\hotspot\share\prims\jni.cpp, line 1108]
Event: 5.803 Thread 0x000002e76521f560 Exception <a 'java/lang/NoSuchMethodError'{0x000000008ebae808}: static [Ljava/lang/Object;.<clinit>()V> (0x000000008ebae808) 
thrown [s\src\hotspot\share\prims\jni.cpp, line 1108]
Event: 67.121 Thread 0x000002e76521f560 Exception <a 'java/lang/NoSuchMethodError'{0x000000008e9f4678}: static Lcom/intellij/database/remote/jdbc/ColumnInfo;.<clinit>()V> (0x000000008e9f4678) 
thrown [s\src\hotspot\share\prims\jni.cpp, line 1108]
Event: 67.241 Thread 0x000002e76521f560 Exception <a 'java/lang/NoSuchMethodError'{0x000000008ff21158}: 'java.lang.Object java.lang.invoke.DirectMethodHandle$Holder.newInvokeSpecial(java.lang.Object, java.lang.Object, long)'> (0x000000008ff21158) 
thrown [s\src\hotspot\share\interpreter\linkResolver.cpp, line 771]

VM Operations (20 events):
Event: 3129.668 Executing VM operation: Cleanup done
Event: 3131.669 Executing VM operation: Cleanup
Event: 3131.669 Executing VM operation: Cleanup done
Event: 3437.794 Executing VM operation: Cleanup
Event: 3437.795 Executing VM operation: Cleanup done
Event: 3600.523 Executing VM operation: G1CollectFull
Event: 3600.683 Executing VM operation: G1CollectFull done
Event: 3602.684 Executing VM operation: Cleanup
Event: 3602.684 Executing VM operation: Cleanup done
Event: 4124.971 Executing VM operation: Cleanup
Event: 4124.975 Executing VM operation: Cleanup done
Event: 4504.113 Executing VM operation: Cleanup
Event: 4504.113 Executing VM operation: Cleanup done
Event: 5703.687 Executing VM operation: Cleanup
Event: 5703.691 Executing VM operation: Cleanup done
Event: 5993.752 Executing VM operation: Cleanup
Event: 5993.753 Executing VM operation: Cleanup done
Event: 6443.019 Executing VM operation: Cleanup
Event: 6443.021 Executing VM operation: Cleanup done
Event: 7200.689 Executing VM operation: G1CollectFull

Events (20 events):
Event: 23.508 Thread 0x000002e7651b2190 Thread added: 0x000002e7651b2190
Event: 23.508 Thread 0x000002e7651b30c0 Thread added: 0x000002e7651b30c0
Event: 23.508 Thread 0x000002e7651b3ff0 Thread added: 0x000002e7651b3ff0
Event: 24.872 Thread 0x000002e7651b3ff0 Thread exited: 0x000002e7651b3ff0
Event: 24.872 Thread 0x000002e7651b2190 Thread exited: 0x000002e7651b2190
Event: 24.872 Thread 0x000002e7651b30c0 Thread exited: 0x000002e7651b30c0
Event: 78.237 loading class java/util/IdentityHashMap$KeyIterator
Event: 78.237 loading class java/util/IdentityHashMap$IdentityHashMapIterator
Event: 78.238 loading class java/util/IdentityHashMap$IdentityHashMapIterator done
Event: 78.238 loading class java/util/IdentityHashMap$KeyIterator done
Event: 78.238 Thread 0x000002e7651b2bb0 Thread exited: 0x000002e7651b2bb0
Event: 93.136 Thread 0x000002e76088d820 Thread exited: 0x000002e76088d820
Event: 98.213 Thread 0x000002e7651b1c80 Thread added: 0x000002e7651b1c80
Event: 98.213 Thread 0x000002e7651b1260 Thread added: 0x000002e7651b1260
Event: 98.213 Thread 0x000002e7651b1770 Thread added: 0x000002e7651b1770
Event: 98.213 Thread 0x000002e7651b3ff0 Thread added: 0x000002e7651b3ff0
Event: 98.260 Thread 0x000002e7651b1c80 Thread exited: 0x000002e7651b1c80
Event: 98.270 Thread 0x000002e7651b3ff0 Thread exited: 0x000002e7651b3ff0
Event: 98.278 Thread 0x000002e7651b1260 Thread exited: 0x000002e7651b1260
Event: 98.279 Thread 0x000002e7651b1770 Thread exited: 0x000002e7651b1770


Dynamic libraries:
0x00007ff6233a0000 - 0x00007ff6233aa000 	D:\Program Files (x86)\PyCharm 2023.3.4\jbr\bin\java.exe
0x00007ff8648f0000 - 0x00007ff864ae8000 	C:\WINDOWS\SYSTEM32\ntdll.dll
0x00007ff863b10000 - 0x00007ff863bcd000 	C:\WINDOWS\System32\KERNEL32.DLL
0x00007ff862530000 - 0x00007ff862826000 	C:\WINDOWS\System32\KERNELBASE.dll
0x00007ff8621f0000 - 0x00007ff8622f0000 	C:\WINDOWS\System32\ucrtbase.dll
0x00007fffbcdd0000 - 0x00007fffbcde7000 	D:\Program Files (x86)\PyCharm 2023.3.4\jbr\bin\jli.dll
0x00007ff863970000 - 0x00007ff863b0f000 	C:\WINDOWS\System32\USER32.dll
0x00007ff862500000 - 0x00007ff862522000 	C:\WINDOWS\System32\win32u.dll
0x00007ff84ce80000 - 0x00007ff84d11a000 	C:\WINDOWS\WinSxS\amd64_microsoft.windows.common-controls_6595b64144ccf1df_6.0.19041.3636_none_60b6a03d71f818d5\COMCTL32.dll
0x00007ff8647d0000 - 0x00007ff8647fb000 	C:\WINDOWS\System32\GDI32.dll
0x00007ff8633c0000 - 0x00007ff86345e000 	C:\WINDOWS\System32\msvcrt.dll
0x00007ff862040000 - 0x00007ff862157000 	C:\WINDOWS\System32\gdi32full.dll
0x00007ff862880000 - 0x00007ff86291d000 	C:\WINDOWS\System32\msvcp_win.dll
0x00007ff8569b0000 - 0x00007ff8569cb000 	D:\Program Files (x86)\PyCharm 2023.3.4\jbr\bin\VCRUNTIME140.dll
0x00007ff864800000 - 0x00007ff864832000 	C:\WINDOWS\System32\IMM32.DLL
0x00007ff85c990000 - 0x00007ff85c99c000 	D:\Program Files (x86)\PyCharm 2023.3.4\jbr\bin\vcruntime140_1.dll
0x00007ff8416e0000 - 0x00007ff84176d000 	D:\Program Files (x86)\PyCharm 2023.3.4\jbr\bin\msvcp140.dll
0x00007fffbba50000 - 0x00007fffbc6d3000 	D:\Program Files (x86)\PyCharm 2023.3.4\jbr\bin\server\jvm.dll
0x00007ff8635b0000 - 0x00007ff863660000 	C:\WINDOWS\System32\ADVAPI32.dll
0x00007ff8631b0000 - 0x00007ff863250000 	C:\WINDOWS\System32\sechost.dll
0x00007ff863480000 - 0x00007ff8635a3000 	C:\WINDOWS\System32\RPCRT4.dll
0x00007ff862010000 - 0x00007ff862037000 	C:\WINDOWS\System32\bcrypt.dll
0x00007ff8614b0000 - 0x00007ff8614fb000 	C:\WINDOWS\SYSTEM32\POWRPROF.dll
0x00007ff8594e0000 - 0x00007ff859507000 	C:\WINDOWS\SYSTEM32\WINMM.dll
0x00007ff85b1f0000 - 0x00007ff85b1fa000 	C:\WINDOWS\SYSTEM32\VERSION.dll
0x00007ff833680000 - 0x00007ff833689000 	C:\WINDOWS\SYSTEM32\WSOCK32.dll
0x00007ff864840000 - 0x00007ff8648ab000 	C:\WINDOWS\System32\WS2_32.dll
0x00007ff861370000 - 0x00007ff861382000 	C:\WINDOWS\SYSTEM32\UMPDC.dll
0x00007ff85fdf0000 - 0x00007ff85fe02000 	C:\WINDOWS\SYSTEM32\kernel.appcore.dll
0x00007ff847900000 - 0x00007ff84790a000 	D:\Program Files (x86)\PyCharm 2023.3.4\jbr\bin\jimage.dll
0x00007ff858bc0000 - 0x00007ff858da4000 	C:\WINDOWS\SYSTEM32\DBGHELP.DLL
0x00007ff84bed0000 - 0x00007ff84bf04000 	C:\WINDOWS\SYSTEM32\dbgcore.DLL
0x00007ff862160000 - 0x00007ff8621e2000 	C:\WINDOWS\System32\bcryptPrimitives.dll
0x00007ff834640000 - 0x00007ff834665000 	D:\Program Files (x86)\PyCharm 2023.3.4\jbr\bin\java.dll
0x00007ff834bd0000 - 0x00007ff834be8000 	D:\Program Files (x86)\PyCharm 2023.3.4\jbr\bin\zip.dll
0x00007ff862920000 - 0x00007ff86308b000 	C:\WINDOWS\System32\SHELL32.dll
0x00007ff85fff0000 - 0x00007ff86078e000 	C:\WINDOWS\SYSTEM32\windows.storage.dll
0x00007ff863d80000 - 0x00007ff8640d3000 	C:\WINDOWS\System32\combase.dll
0x00007ff8619d0000 - 0x00007ff8619fe000 	C:\WINDOWS\SYSTEM32\Wldp.dll
0x00007ff863cb0000 - 0x00007ff863d7d000 	C:\WINDOWS\System32\OLEAUT32.dll
0x00007ff863310000 - 0x00007ff8633bd000 	C:\WINDOWS\System32\SHCORE.dll
0x00007ff863900000 - 0x00007ff863955000 	C:\WINDOWS\System32\shlwapi.dll
0x00007ff861ed0000 - 0x00007ff861ef3000 	C:\WINDOWS\SYSTEM32\profapi.dll
0x00007ff8321f0000 - 0x00007ff832209000 	D:\Program Files (x86)\PyCharm 2023.3.4\jbr\bin\net.dll
0x00007ff8587e0000 - 0x00007ff8588ea000 	C:\WINDOWS\SYSTEM32\WINHTTP.dll
0x00007ff8616f0000 - 0x00007ff86175a000 	C:\WINDOWS\system32\mswsock.dll
0x00007ff8321d0000 - 0x00007ff8321e6000 	D:\Program Files (x86)\PyCharm 2023.3.4\jbr\bin\nio.dll
0x00007ff8321c0000 - 0x00007ff8321d0000 	D:\Program Files (x86)\PyCharm 2023.3.4\jbr\bin\verify.dll
0x00007ff861390000 - 0x00007ff8613cb000 	C:\WINDOWS\SYSTEM32\IPHLPAPI.DLL
0x00007ff8640e0000 - 0x00007ff8640e8000 	C:\WINDOWS\System32\NSI.dll
0x00007ff85ab90000 - 0x00007ff85aba7000 	C:\WINDOWS\SYSTEM32\dhcpcsvc6.DLL
0x00007ff85a2a0000 - 0x00007ff85a2bd000 	C:\WINDOWS\SYSTEM32\dhcpcsvc.DLL
0x00007ff8613e0000 - 0x00007ff8614ab000 	C:\WINDOWS\SYSTEM32\DNSAPI.dll
0x00007ff861900000 - 0x00007ff861918000 	C:\WINDOWS\SYSTEM32\CRYPTSP.dll
0x00007ff860fa0000 - 0x00007ff860fd4000 	C:\WINDOWS\system32\rsaenh.dll
0x00007ff861e50000 - 0x00007ff861e7e000 	C:\WINDOWS\SYSTEM32\USERENV.dll
0x00007ff861920000 - 0x00007ff86192c000 	C:\WINDOWS\SYSTEM32\CRYPTBASE.dll
0x00007ff8283e0000 - 0x00007ff8283e9000 	D:\Program Files (x86)\PyCharm 2023.3.4\jbr\bin\extnet.dll
0x00007ff85c2f0000 - 0x00007ff85c2f7000 	D:\Program Files (x86)\PyCharm 2023.3.4\jbr\bin\rmi.dll
0x00007ff81ede0000 - 0x00007ff81eed4000 	C:\Users\huyiheng\AppData\Local\JetBrains\PyCharm2023.3\jdbc-native-deps\Xerial SQLiteJDBC\3.45.1\sqlite-jdbc-3.45.1.0\libs\sqlite-3.45.1.0-5791291f-8dc9-4da2-a9fe-f9fc9fb2d241-sqlitejdbc.dll

dbghelp: loaded successfully - version: 4.0.5 - missing functions: none
symbol engine: initialized successfully - sym options: 0x614 - pdb path: .;D:\Program Files (x86)\PyCharm 2023.3.4\jbr\bin;C:\WINDOWS\SYSTEM32;C:\WINDOWS\WinSxS\amd64_microsoft.windows.common-controls_6595b64144ccf1df_6.0.19041.3636_none_60b6a03d71f818d5;D:\Program Files (x86)\PyCharm 2023.3.4\jbr\bin\server;C:\Users\huyiheng\AppData\Local\JetBrains\PyCharm2023.3\jdbc-native-deps\Xerial SQLiteJDBC\3.45.1\sqlite-jdbc-3.45.1.0\libs

VM Arguments:
jvm_args: -Dorg.sqlite.tmpdir=C:\Users\huyiheng\AppData\Local\JetBrains\PyCharm2023.3\jdbc-native-deps\Xerial SQLiteJDBC\3.45.1\sqlite-jdbc-3.45.1.0\libs -Djava.rmi.server.hostname=127.0.0.1 -Duser.timezone=UTC -Xmx2048m -Xms256m -Djdbc.classpath=D:\Program Files (x86)\PyCharm 2023.3.4\plugins\DatabaseTools\lib\jdbc-console.jar;C:\Users\huyiheng\AppData\Roaming\JetBrains\PyCharm2023.3\jdbc-drivers\Xerial SQLiteJDBC\3.45.1\org\xerial\sqlite-jdbc\3.45.1.0\sqlite-jdbc-3.45.1.0.jar;C:\Users\huyiheng\AppData\Roaming\JetBrains\PyCharm2023.3\jdbc-drivers\Xerial SQLiteJDBC\3.45.1\org\slf4j\slf4j-api\1.7.36\slf4j-api-1.7.36.jar --add-exports=java.desktop/sun.awt=ALL-UNNAMED --add-exports=java.desktop/java.awt.peer=ALL-UNNAMED --add-opens=java.desktop/java.awt=ALL-UNNAMED --add-opens=jdk.unsupported/sun.misc=ALL-UNNAMED --add-opens=java.base/java.nio=ALL-UNNAMED --add-opens=java.base/java.util=ALL-UNNAMED -Dfile.encoding=UTF-8 
java_command: com.intellij.database.remote.RemoteJdbcServer org.sqlite.JDBC
java_class_path (initial): D:\Program Files (x86)\PyCharm 2023.3.4\lib\util_rt.jar;D:\Program Files (x86)\PyCharm 2023.3.4\lib\util-8.jar;D:\Program Files (x86)\PyCharm 2023.3.4\lib\groovy.jar;D:\Program Files (x86)\PyCharm 2023.3.4\plugins\DatabaseTools\lib\jdbc-console.jar;D:\Program Files (x86)\PyCharm 2023.3.4\plugins\grid-core-impl\lib\jdbc-console-types.jar;D:\Program Files (x86)\PyCharm 2023.3.4\lib\util.jar
Launcher Type: SUN_STANDARD

[Global flags]
     intx CICompilerCount                          = 4                                         {product} {ergonomic}
     uint ConcGCThreads                            = 2                                         {product} {ergonomic}
     uint G1ConcRefinementThreads                  = 8                                         {product} {ergonomic}
   size_t G1HeapRegionSize                         = 1048576                                   {product} {ergonomic}
    uintx GCDrainStackTargetSize                   = 64                                        {product} {ergonomic}
   size_t InitialHeapSize                          = 268435456                                 {product} {command line}
   size_t MarkStackSize                            = 4194304                                   {product} {ergonomic}
   size_t MaxHeapSize                              = 2147483648                                {product} {command line}
   size_t MaxNewSize                               = 1287651328                                {product} {ergonomic}
   size_t MinHeapDeltaBytes                        = 1048576                                   {product} {ergonomic}
   size_t MinHeapSize                              = 268435456                                 {product} {command line}
    uintx NonNMethodCodeHeapSize                   = 5839372                                {pd product} {ergonomic}
    uintx NonProfiledCodeHeapSize                  = 122909434                              {pd product} {ergonomic}
    uintx ProfiledCodeHeapSize                     = 122909434                              {pd product} {ergonomic}
    uintx ReservedCodeCacheSize                    = 251658240                              {pd product} {ergonomic}
     bool SegmentedCodeCache                       = true                                      {product} {ergonomic}
   size_t SoftMaxHeapSize                          = 2147483648                             {manageable} {ergonomic}
     bool UseCompressedClassPointers               = true                           {product lp64_product} {ergonomic}
     bool UseCompressedOops                        = true                           {product lp64_product} {ergonomic}
     bool UseG1GC                                  = true                                      {product} {ergonomic}
     bool UseLargePagesIndividualAllocation        = false                                  {pd product} {ergonomic}

Logging:
Log output configuration:
 #0: stdout all=warning uptime,level,tags
 #1: stderr all=off uptime,level,tags

Environment Variables:
PATH=D:\Program Files (x86)\bin\;C:\Python312\Scripts\;C:\Python312\;D:\Program Files (x86)\bin;C:\Windows\system32;C:\Windows;C:\Windows\System32\Wbem;C:\Windows\System32\WindowsPowerShell\v1.0\;C:\Windows\System32\OpenSSH\;C:\Program Files (x86)\NVIDIA Corporation\PhysX\Common;C:\Program Files\NVIDIA Corporation\NVIDIA NvDLISR;C:\WINDOWS\system32;C:\WINDOWS;C:\WINDOWS\System32\Wbem;C:\WINDOWS\System32\WindowsPowerShell\v1.0\;C:\WINDOWS\System32\OpenSSH\;C:\Program Files\Git\cmd;D:\Program Files (x86)\;C:\ProgramData\chocolatey\bin;C:\Program Files (x86)\Yarn\bin\;C:\Program Files\dotnet\;C:\Program Files\Go\bin;C:\Users\huyiheng\go\bin;C:\Program Files\Docker\Docker\resources\bin;D:\Program Files (x86)\MySQL\mysql-8.0.11-winx64\bin;C:\Users\huyiheng\AppData\Local\Microsoft\WindowsApps;C:\Users\huyiheng\AppData\Local\Programs\Microsoft VS Code\bin;C:\Users\huyiheng\AppData\Roaming\npm;C:\Users\huyiheng\AppData\Local\Yarn\bin;D:\Anaconda;D:\Anaconda\Scripts;D:\Anaconda\Library\bin;D:\Anaconda\Library\mingw-w64\bin;C:\Users\huyiheng\go\bin;D:\Program Files (x86)\PyCharm 2023.3.4\bin;
USERNAME=huyiheng
OS=Windows_NT
PROCESSOR_IDENTIFIER=Intel64 Family 6 Model 142 Stepping 12, GenuineIntel
TMP=C:\Users\huyiheng\AppData\Local\Temp
TEMP=C:\Users\huyiheng\AppData\Local\Temp



Periodic native trim disabled

JNI global refs:
JNI global refs: 19, weak refs: 10

JNI global refs memory usage: 843, weak refs: 841

OOME stack traces (most recent first):
Classloader memory used:
Loader bootstrap                                                                       : 1783K
Loader jdk.internal.loader.ClassLoaders$AppClassLoader                                 : 210K
Loader com.intellij.database.remote.jdbc.impl.JdbcClassLoader$JdbcClassLoaderImpl      : 100K
Loader jdk.internal.loader.ClassLoaders$PlatformClassLoader                            : 30617B
Loader jdk.internal.reflect.DelegatingClassLoader                                      : 13416B


---------------  S Y S T E M  ---------------

OS:
 Windows 10 , 64 bit Build 19041 (10.0.19041.3636)
OS uptime: 0 days 9:24 hours
Hyper-V role detected

CPU: total 8 (initial active 8) (4 cores per cpu, 2 threads per core) family 6 model 142 stepping 12 microcode 0xde, cx8, cmov, fxsr, ht, mmx, 3dnowpref, sse, sse2, sse3, ssse3, sse4.1, sse4.2, popcnt, lzcnt, tsc, tscinvbit, avx, avx2, aes, erms, clmul, bmi1, bmi2, adx, fma, vzeroupper, clflush, clflushopt, hv
Processor Information for all 8 processors :
  Max Mhz: 2112, Current Mhz: 1609, Mhz Limit: 1605

Memory: 4k page, system-wide physical 16212M (5M free)
TotalPageFile size 65278M (AvailPageFile size 7M)
current process WorkingSet (physical memory assigned to process): 12M, peak: 93M
current process commit charge ("private bytes"): 369M, peak: 386M

vm_info: OpenJDK 64-Bit Server VM (17.0.10+1-b1087.17) for windows-amd64 JRE (17.0.10+1-b1087.17), built on 2024-01-19 by "builduser" with MS VC++ 16.10 / 16.11 (VS2019)

END.
