0 verbose cli /opt/conda/bin/node /opt/conda/bin/npm
1 info using npm@10.1.0
2 info using node@v20.8.1
3 timing npm:load:whichnode Completed in 3ms
4 timing config:load:defaults Completed in 84ms
5 timing config:load:file:/opt/conda/lib/node_modules/npm/npmrc Completed in 296ms
6 timing config:load:builtin Completed in 298ms
7 timing config:load:cli Completed in 103ms
8 timing config:load:env Completed in 1ms
9 timing config:load:project Completed in 97ms
10 timing config:load:file:/home/jovyan/.npmrc Completed in 1ms
11 timing config:load:user Completed in 1ms
12 timing config:load:file:/opt/conda/etc/npmrc Completed in 1ms
13 timing config:load:global Completed in 1ms
14 timing config:load:setEnvs Completed in 1ms
15 timing config:load Completed in 588ms
16 timing npm:load:configload Completed in 588ms
17 timing config:load:flatten Completed in 94ms
18 timing npm:load:mkdirpcache Completed in 104ms
19 timing npm:load:mkdirplogs Completed in 7ms
20 verbose title npm prefix
21 verbose argv "prefix" "--global"
22 timing npm:load:setTitle Completed in 2ms
23 timing npm:load:display Completed in 84ms
24 verbose logfile logs-max:10 dir:/home/jovyan/.npm/_logs/2024-04-18T11_41_32_017Z-
25 verbose logfile /home/jovyan/.npm/_logs/2024-04-18T11_41_32_017Z-debug-0.log
26 timing npm:load:logFile Completed in 199ms
27 timing npm:load:timers Completed in 1ms
28 timing npm:load:configScope Completed in 0ms
29 timing npm:load Completed in 1286ms
30 timing command:prefix Completed in 85ms
31 verbose exit 0
32 timing npm Completed in 2198ms
33 info ok
